SH SERIES C/C++ Compiler (Ver. 6.0C)                                                                 19-Dec-2014 15:43:04  PAGE    1

************ OBJECT LISTING ************

FILE NAME: C:\Users\Xavier\Desktop\Dévellopement-  Programmation\C\Mario2\Mario\Mario.cpp

SCT OFFSET   CODE       C LABEL     INSTRUCTION OPERAND    COMMENT

       Mario.cpp     1    extern"C"{
       Mario.cpp     2    #include "MonochromeLib.h"
       Mario.cpp     3    #include "fxlib.h"
       Mario.cpp     4    #include "stdio.h"
       Mario.cpp     5    #include "stdlib.h"
       Mario.cpp     6    #include "SPRITE.h" // sprite de tout
       Mario.cpp     7    }
       Mario.cpp     8    
       Mario.cpp     9    #include <iostream>
       Mario.cpp    10    #include <math.h>
       Mario.cpp    11    
       Mario.cpp    12    void JouerLevel(int Largeur,int Hauteur,char *Carte){
P   00000000              _JouerLevel__FiT1Pc:             ; function: JouerLevel(int, int, char *)
                                                           ; frame size=24
                                                           ; used runtime library name:
                                                           ; __divls, __modls, __adds, __subs, __stoi, __itos
       Mario.cpp    13            
       Mario.cpp    14    
       Mario.cpp    15            float x = (Hauteur-1)*Largeur+3;
    00000000 D35D                   MOV.L       L288,R3    ; __itos
    00000002 7FEC                   ADD         #-20,R15
    00000004 1F52                   MOV.L       R5,@(8,R15)
       Mario.cpp    16            int a = 0;
    00000006 E900                   MOV         #0,R9
    00000008 1F61                   MOV.L       R6,@(4,R15)
    0000000A 6D93                   MOV         R9,R13
    0000000C 50F2                   MOV.L       @(8,R15),R0
       Mario.cpp    17            int i = 0;
       Mario.cpp    18            int x2 = 0;
    0000000E 6C93                   MOV         R9,R12
    00000010 70FF                   ADD         #-1,R0
    00000012 0047                   MUL.L       R4,R0
    00000014 001A                   STS         MACL,R0
    00000016 430B                   JSR         @R3
    00000018 7003                   ADD         #3,R0
    0000001A 6803                   MOV         R0,R8
    0000001C DB57                   MOV.L       L288+4,R11 ; _ML_bmp_or_cl
    0000001E EE12                   MOV         #18,R14
    00000020 6243                   MOV         R4,R2
    00000022 72EE                   ADD         #-18,R2
    00000024 1F23                   MOV.L       R2,@(12,R15)
    00000026 6343                   MOV         R4,R3
    00000028 4400                   SHLL        R4
    0000002A 4308                   SHLL2       R3
    0000002C 343C                   ADD         R3,R4
    0000002E 1F44                   MOV.L       R4,@(16,R15)
       Mario.cpp    19    
       Mario.cpp    20            while(1){
    00000030              L272:                             
       Mario.cpp    21                    for(i=(int)x-(Largeur*6)-4;i<=((int)x+Hauteur+12);i++){
    00000030 D253                   MOV.L       L288+8,R2  ; __stoi
    00000032 420B                   JSR         @R2
    00000034 6083                   MOV         R8,R0
    00000036 6403                   MOV         R0,R4




SH SERIES C/C++ Compiler (Ver. 6.0C)                                                                 19-Dec-2014 15:43:04  PAGE    2


SCT OFFSET   CODE       C LABEL     INSTRUCTION OPERAND    COMMENT

    00000038 53F4                   MOV.L       @(16,R15),R3
    0000003A 3038                   SUB         R3,R0
    0000003C 52F2                   MOV.L       @(8,R15),R2
    0000003E 6A03                   MOV         R0,R10
    00000040 7AFC                   ADD         #-4,R10
    00000042 342C                   ADD         R2,R4
    00000044 740C                   ADD         #12,R4
    00000046 6143                   MOV         R4,R1
    00000048 3A17                   CMP/GT      R1,R10
    0000004A 8F02                   BF/S        L289
    0000004C 2F42                   MOV.L       R4,@R15
    0000004E A0CF                   BRA         L273
    00000050 0009                   NOP
    00000052              L289:                             
    00000052              L274:                             
       Mario.cpp    22    
       Mario.cpp    23                            switch (Carte[i]){
    00000052 50F1                   MOV.L       @(4,R15),R0
    00000054 00AC                   MOV.B       @(R0,R10),R0
    00000056 8801                   CMP/EQ      #1,R0
    00000058 8D10                   BT/S        L264
    0000005A 6303                   MOV         R0,R3
    0000005C 8802                   CMP/EQ      #2,R0
    0000005E 8922                   BT          L265
    00000060 8803                   CMP/EQ      #3,R0
    00000062 8935                   BT          L266
    00000064 8804                   CMP/EQ      #4,R0
    00000066 8948                   BT          L267
    00000068 8805                   CMP/EQ      #5,R0
    0000006A 895B                   BT          L268
    0000006C 8806                   CMP/EQ      #6,R0
    0000006E 896E                   BT          L269
    00000070 8807                   CMP/EQ      #7,R0
    00000072 8B01                   BF          L290
    00000074 A096                   BRA         L270
    00000076 0009                   NOP
    00000078              L290:                             
    00000078 A0AB                   BRA         L275
    0000007A 0009                   NOP
    0000007C              L264:                            ; case label 
       Mario.cpp    24    
       Mario.cpp    25                                    case 1: ML_bmp_or_cl(tile_01,(a%18)*8+x2-8,(a/18)*8,8,8);
    0000007C D341                   MOV.L       L288+12,R3 ; __divls
    0000007E E208                   MOV         #8,R2
    00000080 2F26                   MOV.L       R2,@-R15
    00000082 6723                   MOV         R2,R7
    00000084 61D3                   MOV         R13,R1
    00000086 430B                   JSR         @R3
    00000088 60E3                   MOV         R14,R0
    0000008A 6603                   MOV         R0,R6
    0000008C D33E                   MOV.L       L288+16,R3 ; __modls
    0000008E 61D3                   MOV         R13,R1
    00000090 4608                   SHLL2       R6
    00000092 4600                   SHLL        R6
    00000094 430B                   JSR         @R3
    00000096 60E3                   MOV         R14,R0
    00000098 D43C                   MOV.L       L288+20,R4 ; _tile_01




SH SERIES C/C++ Compiler (Ver. 6.0C)                                                                 19-Dec-2014 15:43:04  PAGE    3


SCT OFFSET   CODE       C LABEL     INSTRUCTION OPERAND    COMMENT

    0000009A 6503                   MOV         R0,R5
    0000009C 4508                   SHLL2       R5
    0000009E 4500                   SHLL        R5
    000000A0 35CC                   ADD         R12,R5
       Mario.cpp    26                                                    break;
    000000A2 A093                   BRA         L287
    000000A4 75F8                   ADD         #-8,R5
    000000A6              L265:                            ; case label 
       Mario.cpp    27                                    case 2: ML_bmp_or_cl(tile_02,(a%18)*8+x2-8,(a/18)*8,8,8);
    000000A6 E208                   MOV         #8,R2
    000000A8 D336                   MOV.L       L288+12,R3 ; __divls
    000000AA 61D3                   MOV         R13,R1
    000000AC 2F26                   MOV.L       R2,@-R15
    000000AE 6723                   MOV         R2,R7
    000000B0 430B                   JSR         @R3
    000000B2 60E3                   MOV         R14,R0
    000000B4 D334                   MOV.L       L288+16,R3 ; __modls
    000000B6 6603                   MOV         R0,R6
    000000B8 4608                   SHLL2       R6
    000000BA 4600                   SHLL        R6
    000000BC 61D3                   MOV         R13,R1
    000000BE 430B                   JSR         @R3
    000000C0 60E3                   MOV         R14,R0
    000000C2 6503                   MOV         R0,R5
    000000C4 D432                   MOV.L       L288+24,R4 ; _tile_02
    000000C6 4508                   SHLL2       R5
    000000C8 4500                   SHLL        R5
    000000CA 35CC                   ADD         R12,R5
       Mario.cpp    28                                                    break;
    000000CC A07E                   BRA         L287
    000000CE 75F8                   ADD         #-8,R5
    000000D0              L266:                            ; case label 
       Mario.cpp    29                                    case 3: ML_bmp_or_cl(tile_03,(a%18)*8+x2-8,(a/18)*8,8,8);
    000000D0 D32C                   MOV.L       L288+12,R3 ; __divls
    000000D2 E208                   MOV         #8,R2
    000000D4 2F26                   MOV.L       R2,@-R15
    000000D6 6723                   MOV         R2,R7
    000000D8 61D3                   MOV         R13,R1
    000000DA 430B                   JSR         @R3
    000000DC 60E3                   MOV         R14,R0
    000000DE 6603                   MOV         R0,R6
    000000E0 D329                   MOV.L       L288+16,R3 ; __modls
    000000E2 61D3                   MOV         R13,R1
    000000E4 4608                   SHLL2       R6
    000000E6 4600                   SHLL        R6
    000000E8 430B                   JSR         @R3
    000000EA 60E3                   MOV         R14,R0
    000000EC D429                   MOV.L       L288+28,R4 ; _tile_03
    000000EE 6503                   MOV         R0,R5
    000000F0 4508                   SHLL2       R5
    000000F2 4500                   SHLL        R5
    000000F4 35CC                   ADD         R12,R5
       Mario.cpp    30                                                    break;
    000000F6 A069                   BRA         L287
    000000F8 75F8                   ADD         #-8,R5
    000000FA              L267:                            ; case label 
       Mario.cpp    31                                    case 4: ML_bmp_or_cl(tile_04,(a%18)*8+x2-8,(a/18)*8,8,8);




SH SERIES C/C++ Compiler (Ver. 6.0C)                                                                 19-Dec-2014 15:43:04  PAGE    4


SCT OFFSET   CODE       C LABEL     INSTRUCTION OPERAND    COMMENT

    000000FA E208                   MOV         #8,R2
    000000FC D321                   MOV.L       L288+12,R3 ; __divls
    000000FE 61D3                   MOV         R13,R1
    00000100 2F26                   MOV.L       R2,@-R15
    00000102 6723                   MOV         R2,R7
    00000104 430B                   JSR         @R3
    00000106 60E3                   MOV         R14,R0
    00000108 D31F                   MOV.L       L288+16,R3 ; __modls
    0000010A 6603                   MOV         R0,R6
    0000010C 4608                   SHLL2       R6
    0000010E 4600                   SHLL        R6
    00000110 61D3                   MOV         R13,R1
    00000112 430B                   JSR         @R3
    00000114 60E3                   MOV         R14,R0
    00000116 6503                   MOV         R0,R5
    00000118 D41F                   MOV.L       L288+32,R4 ; _tile_04
    0000011A 4508                   SHLL2       R5
    0000011C 4500                   SHLL        R5
    0000011E 35CC                   ADD         R12,R5
       Mario.cpp    32                                                    break;
    00000120 A054                   BRA         L287
    00000122 75F8                   ADD         #-8,R5
    00000124              L268:                            ; case label 
       Mario.cpp    33                                    case 5: ML_bmp_or_cl(tile_05,(a%18)*8+x2-8,(a/18)*8,8,8);
    00000124 D317                   MOV.L       L288+12,R3 ; __divls
    00000126 E208                   MOV         #8,R2
    00000128 2F26                   MOV.L       R2,@-R15
    0000012A 6723                   MOV         R2,R7
    0000012C 61D3                   MOV         R13,R1
    0000012E 430B                   JSR         @R3
    00000130 60E3                   MOV         R14,R0
    00000132 6603                   MOV         R0,R6
    00000134 D314                   MOV.L       L288+16,R3 ; __modls
    00000136 61D3                   MOV         R13,R1
    00000138 4608                   SHLL2       R6
    0000013A 4600                   SHLL        R6
    0000013C 430B                   JSR         @R3
    0000013E 60E3                   MOV         R14,R0
    00000140 D416                   MOV.L       L288+36,R4 ; _tile_05
    00000142 6503                   MOV         R0,R5
    00000144 4508                   SHLL2       R5
    00000146 4500                   SHLL        R5
    00000148 35CC                   ADD         R12,R5
       Mario.cpp    34                                                    break;
    0000014A A03F                   BRA         L287
    0000014C 75F8                   ADD         #-8,R5
    0000014E              L269:                            ; case label 
       Mario.cpp    35                                    case 6: ML_bmp_or_cl(tile_06,(a%18)*8+x2-8,(a/18)*8,8,8);
    0000014E E208                   MOV         #8,R2
    00000150 D30C                   MOV.L       L288+12,R3 ; __divls
    00000152 61D3                   MOV         R13,R1
    00000154 2F26                   MOV.L       R2,@-R15
    00000156 6723                   MOV         R2,R7
    00000158 430B                   JSR         @R3
    0000015A 60E3                   MOV         R14,R0
    0000015C D30A                   MOV.L       L288+16,R3 ; __modls
    0000015E 6603                   MOV         R0,R6




SH SERIES C/C++ Compiler (Ver. 6.0C)                                                                 19-Dec-2014 15:43:04  PAGE    5


SCT OFFSET   CODE       C LABEL     INSTRUCTION OPERAND    COMMENT

    00000160 4608                   SHLL2       R6
    00000162 4600                   SHLL        R6
    00000164 61D3                   MOV         R13,R1
    00000166 430B                   JSR         @R3
    00000168 60E3                   MOV         R14,R0
    0000016A 6503                   MOV         R0,R5
    0000016C D40C                   MOV.L       L288+40,R4 ; _tile_06
    0000016E 4508                   SHLL2       R5
    00000170 4500                   SHLL        R5
    00000172 35CC                   ADD         R12,R5
       Mario.cpp    36                                                    break;
    00000174 A02A                   BRA         L287
    00000176 75F8                   ADD         #-8,R5
    00000178              L288:                             
    00000178 <00000000>             .DATA.L     __itos
    0000017C <00000000>             .DATA.L     _ML_bmp_or_cl
    00000180 <00000000>             .DATA.L     __stoi
    00000184 <00000000>             .DATA.L     __divls
    00000188 <00000000>             .DATA.L     __modls
    0000018C <00000000>             .DATA.L     _tile_01
    00000190 <00000000>             .DATA.L     _tile_02
    00000194 <00000000>             .DATA.L     _tile_03
    00000198 <00000000>             .DATA.L     _tile_04
    0000019C <00000000>             .DATA.L     _tile_05
    000001A0 <00000000>             .DATA.L     _tile_06
    000001A4              L270:                            ; case label 
       Mario.cpp    37                                    case 7: ML_bmp_or_cl(tile_07,(a%18)*8+x2-8,(a/18)*8,8,8);
    000001A4 D32C                   MOV.L       L291+6,R3  ; __divls
    000001A6 E208                   MOV         #8,R2
    000001A8 2F26                   MOV.L       R2,@-R15
    000001AA 6723                   MOV         R2,R7
    000001AC 61D3                   MOV         R13,R1
    000001AE 430B                   JSR         @R3
    000001B0 60E3                   MOV         R14,R0
    000001B2 6603                   MOV         R0,R6
    000001B4 D329                   MOV.L       L291+10,R3 ; __modls
    000001B6 61D3                   MOV         R13,R1
    000001B8 4608                   SHLL2       R6
    000001BA 4600                   SHLL        R6
    000001BC 430B                   JSR         @R3
    000001BE 60E3                   MOV         R14,R0
    000001C0 D427                   MOV.L       L291+14,R4 ; _tile_07
    000001C2 6503                   MOV         R0,R5
    000001C4 4508                   SHLL2       R5
    000001C6 4500                   SHLL        R5
    000001C8 35CC                   ADD         R12,R5
    000001CA 75F8                   ADD         #-8,R5
       Mario.cpp    38                                                    break;
    000001CC              L287:                             
    000001CC 4B0B                   JSR         @R11
    000001CE 0009                   NOP
    000001D0 7F04                   ADD         #4,R15
    000001D2              L275:                             
       Mario.cpp    39                            }
       Mario.cpp    40    
       Mario.cpp    41                            a++;
    000001D2 7D01                   ADD         #1,R13




SH SERIES C/C++ Compiler (Ver. 6.0C)                                                                 19-Dec-2014 15:43:04  PAGE    6


SCT OFFSET   CODE       C LABEL     INSTRUCTION OPERAND    COMMENT

       Mario.cpp    42    
       Mario.cpp    43                            if((a%18)==0) i+=Largeur-18;
    000001D4 D221                   MOV.L       L291+10,R2 ; __modls
    000001D6 61D3                   MOV         R13,R1
    000001D8 420B                   JSR         @R2
    000001DA 60E3                   MOV         R14,R0
    000001DC 2008                   TST         R0,R0
    000001DE 8B01                   BF          L276
    000001E0 51F3                   MOV.L       @(12,R15),R1
    000001E2 3A1C                   ADD         R1,R10
    000001E4              L276:                             
    000001E4 63F2                   MOV.L       @R15,R3
    000001E6 7A01                   ADD         #1,R10
    000001E8 3A37                   CMP/GT      R3,R10
    000001EA 8901                   BT          L292
    000001EC AF31                   BRA         L274
    000001EE 0009                   NOP
    000001F0              L292:                             
    000001F0              L273:                             
       Mario.cpp    44    
       Mario.cpp    45                    }
       Mario.cpp    46    
       Mario.cpp    47                    ML_display_vram();
    000001F0 D11C                   MOV.L       L291+18,R1 ; _ML_display_vram
    000001F2 410B                   JSR         @R1
    000001F4 0009                   NOP
       Mario.cpp    48                    ML_clear_vram();
    000001F6 D21C                   MOV.L       L291+22,R2 ; _ML_clear_vram
    000001F8 420B                   JSR         @R2
    000001FA 0009                   NOP
       Mario.cpp    49                    a = 0;
       Mario.cpp    50    
       Mario.cpp    51                    Sleep(30);
    000001FC D31B                   MOV.L       L291+26,R3 ; _Sleep
    000001FE 6D93                   MOV         R9,R13
    00000200 430B                   JSR         @R3
    00000202 E41E                   MOV         #30,R4
       Mario.cpp    52                    if(IsKeyDown(KEY_CTRL_RIGHT)){
    00000204 9425                   MOV.W       L291,R4    ; H'7545
    00000206 D21A                   MOV.L       L291+30,R2 ; _IsKeyDown
    00000208 420B                   JSR         @R2
    0000020A 0009                   NOP
    0000020C 2008                   TST         R0,R0
    0000020E 8909                   BT          L277
       Mario.cpp    53                            x2--;
    00000210 7CFF                   ADD         #-1,R12
       Mario.cpp    54                            if (x2==-8){
    00000212 60C3                   MOV         R12,R0
    00000214 88F8                   CMP/EQ      #-8,R0
    00000216 8B05                   BF          L277
       Mario.cpp    55                                    x++;
    00000218 D116                   MOV.L       L291+34,R1 ; H'3F800000
    0000021A D317                   MOV.L       L291+38,R3 ; __adds
    0000021C 430B                   JSR         @R3
    0000021E 6083                   MOV         R8,R0
    00000220 6803                   MOV         R0,R8
       Mario.cpp    56                                    x2=0;




SH SERIES C/C++ Compiler (Ver. 6.0C)                                                                 19-Dec-2014 15:43:04  PAGE    7


SCT OFFSET   CODE       C LABEL     INSTRUCTION OPERAND    COMMENT

    00000222 6C93                   MOV         R9,R12
    00000224              L277:                             
       Mario.cpp    57                            }
       Mario.cpp    58                    }
       Mario.cpp    59    
       Mario.cpp    60                    if(IsKeyDown(KEY_CTRL_LEFT)){
    00000224 9416                   MOV.W       L291+2,R4  ; H'7544
    00000226 D212                   MOV.L       L291+30,R2 ; _IsKeyDown
    00000228 420B                   JSR         @R2
    0000022A 0009                   NOP
    0000022C 2008                   TST         R0,R0
    0000022E 8B01                   BF          L293
    00000230 AEFE                   BRA         L272
    00000232 0009                   NOP
    00000234              L293:                             
       Mario.cpp    61                            x2++;
    00000234 7C01                   ADD         #1,R12
       Mario.cpp    62                            if (x2==8){
    00000236 60C3                   MOV         R12,R0
    00000238 8808                   CMP/EQ      #8,R0
    0000023A 8901                   BT          L294
    0000023C AEF8                   BRA         L272
    0000023E 0009                   NOP
    00000240              L294:                             
       Mario.cpp    63                                    x--;
    00000240 D00C                   MOV.L       L291+34,R0 ; H'3F800000
    00000242 D30E                   MOV.L       L291+42,R3 ; __subs
    00000244 430B                   JSR         @R3
    00000246 6183                   MOV         R8,R1
    00000248 6803                   MOV         R0,R8
    0000024A AEF1                   BRA         L272
       Mario.cpp    64                                    x2=0;
    0000024C 6C93                   MOV         R9,R12
       Mario.cpp    65                            }
       Mario.cpp    66                    }
       Mario.cpp    67    
       Mario.cpp    68            }
       Mario.cpp    69    }
       Mario.cpp    70    
       Mario.cpp    71    void Action(){
    0000024E              _Action__Fv:                     ; function: Action()
                                                           ; frame size=0
       Mario.cpp    72            
       Mario.cpp    73    }
    0000024E 000B                   RTS
    00000250 0009                   NOP
    00000252              L291:                             
    00000252 7545                   .DATA.W     H'7545
    00000254 7544                   .DATA.W     H'7544
    00000256 0000                   .DATA.W     0
    00000258 <00000000>             .DATA.L     __divls
    0000025C <00000000>             .DATA.L     __modls
    00000260 <00000000>             .DATA.L     _tile_07
    00000264 <00000000>             .DATA.L     _ML_display_vram
    00000268 <00000000>             .DATA.L     _ML_clear_vram
    0000026C <00000000>             .DATA.L     _Sleep
    00000270 <00000000>             .DATA.L     _IsKeyDown




SH SERIES C/C++ Compiler (Ver. 6.0C)                                                                 19-Dec-2014 15:43:04  PAGE    8


SCT OFFSET   CODE       C LABEL     INSTRUCTION OPERAND    COMMENT

    00000274 3F800000               .DATA.L     H'3F800000
    00000278 <00000000>             .DATA.L     __adds
    0000027C <00000000>             .DATA.L     __subs


























































SH SERIES C/C++ Compiler (Ver. 6.0C)                                                                 19-Dec-2014 15:43:04  PAGE    1


******** STATISTICS INFORMATION ********


********** ERROR INFORMATION ***********

NUMBER OF ERRORS:           0
NUMBER OF WARNINGS:         0




******* SOURCE LINE INFORMATION ********

COMPILED SOURCE LINE:       73



******* SECTION SIZE INFORMATION *******

PROGRAM  SECTION (P):                               00000280 Byte(s)
CONSTANT SECTION (C):                               00000000 Byte(s)
DATA     SECTION (D):                               00000000 Byte(s)
BSS      SECTION (B):                               00000000 Byte(s)

 TOTAL PROGRAM SIZE: 00000280 Byte(s)



********** LABEL INFORMATION ***********

NUMBER OF EXTERNAL REFERENCE SYMBOLS:           18
NUMBER OF EXTERNAL DEFINITION SYMBOLS:           2
NUMBER OF INTERNAL/EXTERNAL SYMBOLS:            41






























*** COMMAND PARAMETER ***


  -subcommand=C:\Users\Xavier\AppData\Local\Temp\hmk2919.tmp 

